20-Dec-2023 12:16:29.087 INFO [main] org.apache.catalina.startup.VersionLoggerListener.log Nombre de la versión del servidor: Apache Tomcat/9.0.84
20-Dec-2023 12:16:29.096 INFO [main] org.apache.catalina.startup.VersionLoggerListener.log Server built:                      Dec 7 2023 19:27:40 UTC
20-Dec-2023 12:16:29.096 INFO [main] org.apache.catalina.startup.VersionLoggerListener.log Número de versión de servidor:     9.0.84.0
20-Dec-2023 12:16:29.096 INFO [main] org.apache.catalina.startup.VersionLoggerListener.log OS Name:                           Windows 11
20-Dec-2023 12:16:29.096 INFO [main] org.apache.catalina.startup.VersionLoggerListener.log Versión de Systema Operativo:      10.0
20-Dec-2023 12:16:29.097 INFO [main] org.apache.catalina.startup.VersionLoggerListener.log Arquitectura:                      amd64
20-Dec-2023 12:16:29.097 INFO [main] org.apache.catalina.startup.VersionLoggerListener.log Java Home:                         C:\Users\jdani\.jdks\openjdk-21.0.1
20-Dec-2023 12:16:29.097 INFO [main] org.apache.catalina.startup.VersionLoggerListener.log JVM Version:                       21.0.1+12-29
20-Dec-2023 12:16:29.097 INFO [main] org.apache.catalina.startup.VersionLoggerListener.log Vededor JVM:                       Oracle Corporation
20-Dec-2023 12:16:29.098 INFO [main] org.apache.catalina.startup.VersionLoggerListener.log CATALINA_BASE:                     D:\daw\2\dws\dws-u5-Forner-Juanda
20-Dec-2023 12:16:29.098 INFO [main] org.apache.catalina.startup.VersionLoggerListener.log CATALINA_HOME:                     D:\archivos de programas\apache-tomcat-9.0.84
20-Dec-2023 12:16:29.111 INFO [main] org.apache.catalina.startup.VersionLoggerListener.log Command line argument:             --add-opens=java.base/java.lang=ALL-UNNAMED
20-Dec-2023 12:16:29.111 INFO [main] org.apache.catalina.startup.VersionLoggerListener.log Command line argument:             --add-opens=java.base/java.io=ALL-UNNAMED
20-Dec-2023 12:16:29.111 INFO [main] org.apache.catalina.startup.VersionLoggerListener.log Command line argument:             --add-opens=java.base/java.util=ALL-UNNAMED
20-Dec-2023 12:16:29.111 INFO [main] org.apache.catalina.startup.VersionLoggerListener.log Command line argument:             --add-opens=java.base/java.util.concurrent=ALL-UNNAMED
20-Dec-2023 12:16:29.112 INFO [main] org.apache.catalina.startup.VersionLoggerListener.log Command line argument:             --add-opens=java.rmi/sun.rmi.transport=ALL-UNNAMED
20-Dec-2023 12:16:29.112 INFO [main] org.apache.catalina.startup.VersionLoggerListener.log Command line argument:             -Dcatalina.home=D:\archivos de programas\apache-tomcat-9.0.84
20-Dec-2023 12:16:29.112 INFO [main] org.apache.catalina.startup.VersionLoggerListener.log Command line argument:             -Dcatalina.base=D:\daw\2\dws\dws-u5-Forner-Juanda
20-Dec-2023 12:16:29.112 INFO [main] org.apache.catalina.startup.VersionLoggerListener.log Command line argument:             -Djava.io.tmpdir=D:\daw\2\dws\dws-u5-Forner-Juanda\temp
20-Dec-2023 12:16:29.112 INFO [main] org.apache.catalina.startup.VersionLoggerListener.log Command line argument:             -Djava.util.logging.config.file=D:\daw\2\dws\dws-u5-Forner-Juanda\conf\logging.properties
20-Dec-2023 12:16:29.112 INFO [main] org.apache.catalina.startup.VersionLoggerListener.log Command line argument:             -Djava.util.logging.manager=org.apache.juli.ClassLoaderLogManager
20-Dec-2023 12:16:29.112 INFO [main] org.apache.catalina.startup.VersionLoggerListener.log Command line argument:             -javaagent:D:\archivos de programas\IntelliJ IDEA Community Edition 2023.2.5\lib\idea_rt.jar=63240:D:\archivos de programas\IntelliJ IDEA Community Edition 2023.2.5\bin
20-Dec-2023 12:16:29.112 INFO [main] org.apache.catalina.startup.VersionLoggerListener.log Command line argument:             -Dfile.encoding=UTF-8
20-Dec-2023 12:16:29.112 INFO [main] org.apache.catalina.startup.VersionLoggerListener.log Command line argument:             -Dsun.stdout.encoding=UTF-8
20-Dec-2023 12:16:29.113 INFO [main] org.apache.catalina.startup.VersionLoggerListener.log Command line argument:             -Dsun.stderr.encoding=UTF-8
20-Dec-2023 12:16:29.118 INFO [main] org.apache.catalina.core.AprLifecycleListener.lifecycleEvent La biblioteca nativa de Apache Tomcat basada en ARP que permite un rendimiento óptimo en entornos de desarrollo no ha sido hallada en java.library.path: [C:\Users\jdani\.jdks\openjdk-21.0.1\bin;C:\Windows\Sun\Java\bin;C:\Windows\system32;C:\Windows;C:\Program Files\Common Files\Oracle\Java\javapath;C:\Windows\system32;C:\Windows;C:\Windows\System32\Wbem;C:\Windows\System32\WindowsPowerShell\v1.0\;C:\Windows\System32\OpenSSH\;C:\Program Files\NVIDIA Corporation\NVIDIA NvDLISR;C:\Program Files (x86)\NVIDIA Corporation\PhysX\Common;C:\Program Files\Git\cmd;C:\Program Files\nodejs\;C:\Program Files\starship\bin\;C:\Users\jdani\.console-ninja\.bin;C:\Users\jdani\AppData\Local\Microsoft\WindowsApps;;C:\Users\jdani\AppData\Local\Programs\Microsoft VS Code\bin;D:\archivos de programas\IntelliJ IDEA 2023.2.3\bin;;C:\Users\jdani\AppData\Roaming\npm;D:\archivos de programas\IntelliJ IDEA Community Edition 2023.2.5\bin;;D:\archivos de programas\heroku\bin;.]
20-Dec-2023 12:16:31.760 INFO [main] org.apache.coyote.AbstractProtocol.init Inicializando el manejador de protocolo ["http-nio-8080"]

20-Dec-2023 12:16:31.812 INFO [main] org.apache.catalina.startup.Catalina.load Server initialization in [6029] milliseconds
20-Dec-2023 12:16:32.450 INFO [main] org.apache.catalina.core.StandardService.startInternal Arrancando servicio [Catalina]
20-Dec-2023 12:16:32.450 INFO [main] org.apache.catalina.core.StandardEngine.startInternal Starting Servlet engine: [Apache Tomcat/9.0.84]
20-Dec-2023 12:16:32.458 INFO [main] org.apache.catalina.startup.HostConfig.deployDescriptor Desplieque del descriptor de configuración [D:\daw\2\dws\dws-u5-Forner-Juanda\conf\Catalina\localhost\ROOT.xml]
20-Dec-2023 12:16:32.882 WARNING [main] org.apache.tomcat.util.descriptor.web.WebXml.setVersion Unknown version string [5.0]. Default version will be used.
20-Dec-2023 12:16:50.914 INFO [main] org.apache.jasper.servlet.TldScanner.scanJars Al menos un JAR, que se ha explorado buscando TLDs, aún no contenía TLDs. Activar historial de depuración para este historiador para una completa lista de los JARs que fueron explorados y de los que nos se halló TLDs. Saltarse JARs no necesarios durante la exploración puede dar lugar a una mejora de tiempo significativa en el arranque y compilación de JSP .
20-Dec-2023 12:16:51.004 INFO [main] org.apache.catalina.startup.HostConfig.deployDescriptor Deployment of deployment descriptor [D:\daw\2\dws\dws-u5-Forner-Juanda\conf\Catalina\localhost\ROOT.xml] has finished in [18.542] ms
20-Dec-2023 12:16:51.006 INFO [main] org.apache.coyote.AbstractProtocol.start Starting ProtocolHandler ["http-nio-8080"]
20-Dec-2023 12:16:51.033 INFO [main] org.apache.catalina.startup.Catalina.start Server startup in [19219] milliseconds
20-Dec-2023 12:17:50.692 INFO [Thread-1] org.apache.coyote.AbstractProtocol.pause Pausing ProtocolHandler ["http-nio-8080"]
20-Dec-2023 12:17:50.695 INFO [Thread-1] org.apache.catalina.core.StandardService.stopInternal Parando servicio [Catalina]
20-Dec-2023 12:17:50.990 INFO [Thread-1] org.apache.coyote.AbstractProtocol.stop Stopping ProtocolHandler ["http-nio-8080"]
20-Dec-2023 12:17:51.028 INFO [Thread-1] org.apache.coyote.AbstractProtocol.destroy Destroying ProtocolHandler ["http-nio-8080"]
